  Bitmap1.cpp
c:\users\trieu\documents\github\digital-image-processing\digital-image-processing\bitmap1.cpp(57): warning C4018: '<': signed/unsigned mismatch
c:\users\trieu\documents\github\digital-image-processing\digital-image-processing\bitmap1.cpp(93): warning C4018: '<': signed/unsigned mismatch
  Bitmap2.cpp
c:\users\trieu\documents\github\digital-image-processing\digital-image-processing\bitmap2.cpp(62): warning C4244: '=': conversion from 'double' to 'unsigned char', possible loss of data
c:\users\trieu\documents\github\digital-image-processing\digital-image-processing\bitmap2.cpp(64): warning C4244: '=': conversion from 'double' to 'unsigned char', possible loss of data
c:\users\trieu\documents\github\digital-image-processing\digital-image-processing\bitmap2.cpp(136): warning C4244: '=': conversion from 'double' to 'unsigned char', possible loss of data
c:\users\trieu\documents\github\digital-image-processing\digital-image-processing\bitmap2.cpp(141): warning C4244: '=': conversion from 'double' to 'unsigned char', possible loss of data
c:\users\trieu\documents\github\digital-image-processing\digital-image-processing\bitmap2.cpp(146): warning C4244: '=': conversion from 'double' to 'unsigned char', possible loss of data
c:\users\trieu\documents\github\digital-image-processing\digital-image-processing\bitmap2.cpp(151): warning C4244: '=': conversion from 'double' to 'unsigned char', possible loss of data
c:\users\trieu\documents\github\digital-image-processing\digital-image-processing\bitmap2.cpp(152): warning C4244: '=': conversion from 'double' to 'unsigned char', possible loss of data
c:\users\trieu\documents\github\digital-image-processing\digital-image-processing\bitmap2.cpp(153): warning C4244: '=': conversion from 'double' to 'unsigned char', possible loss of data
c:\users\trieu\documents\github\digital-image-processing\digital-image-processing\bitmap2.cpp(157): warning C4244: '=': conversion from 'double' to 'unsigned char', possible loss of data
c:\users\trieu\documents\github\digital-image-processing\digital-image-processing\bitmap2.cpp(158): warning C4244: '=': conversion from 'double' to 'unsigned char', possible loss of data
c:\users\trieu\documents\github\digital-image-processing\digital-image-processing\bitmap2.cpp(159): warning C4244: '=': conversion from 'double' to 'unsigned char', possible loss of data
c:\users\trieu\documents\github\digital-image-processing\digital-image-processing\bitmap2.cpp(215): warning C4244: '+=': conversion from 'double' to 'unsigned char', possible loss of data
c:\users\trieu\documents\github\digital-image-processing\digital-image-processing\bitmap2.cpp(216): warning C4244: '+=': conversion from 'double' to 'unsigned char', possible loss of data
c:\users\trieu\documents\github\digital-image-processing\digital-image-processing\bitmap2.cpp(217): warning C4244: '+=': conversion from 'double' to 'unsigned char', possible loss of data
  FaceDetect.cpp
c:\users\trieu\documents\github\digital-image-processing\digital-image-processing\facedetect.cpp(166): warning C4244: 'argument': conversion from 'int' to 'float', possible loss of data
c:\users\trieu\documents\github\digital-image-processing\digital-image-processing\facedetect.cpp(203): warning C4244: 'initializing': conversion from 'std::streamoff' to 'int', possible loss of data
  main.cpp
  Generating code
c:\users\trieu\documents\github\digital-image-processing\digital-image-processing\bitmap2.cpp(30): warning C4715: 'GetPixel': not all control paths return a value
  All 178 functions were compiled because no usable IPDB/IOBJ from previous compilation was found.
  Finished generating code
  Digital-Image-Processing.vcxproj -> C:\Users\Trieu\Documents\GitHub\Digital-Image-Processing\Release\Digital-Image-Processing.exe
